app-android/app/build/intermediates/manifest_merge_blame_file/debug/manifest-merger-blame-debug-report.txt
1<?xml version="1.0" encoding="utf-8"?>
2<!--
3  Copyright (c) 2024-2026 Rightware
4  Author: kaisheng.duan
5  Date: 2026-05-11
6  All rights reserved.
7-->
8<manifest xmlns:android="http://schemas.android.com/apk/res/android"
9    package="com.warehouse.monitor.debug"
10    android:versionCode="1"
11    android:versionName="1.0.0-debug" >
12
13    <uses-sdk
14        android:minSdkVersion="26"
15        android:targetSdkVersion="34" />
16
17    <uses-permission android:name="android.permission.INTERNET" />
17-->src\main\AndroidManifest.xml:11:5-67
17-->src\main\AndroidManifest.xml:11:22-64
18    <uses-permission android:name="android.permission.ACCESS_NETWORK_STATE" />
18-->src\main\AndroidManifest.xml:12:5-79
18-->src\main\AndroidManifest.xml:12:22-76
19    <!-- 鍓嶅彴鏈嶅姟锛堝疄鏃舵ā寮?MQTT锛? -->
20    <uses-permission android:name="android.permission.FOREGROUND_SERVICE" />
20-->src\main\AndroidManifest.xml:14:5-77
20-->src\main\AndroidManifest.xml:14:22-74
21    <uses-permission android:name="android.permission.FOREGROUND_SERVICE_DATA_SYNC" />
21-->src\main\AndroidManifest.xml:15:5-87
21-->src\main\AndroidManifest.xml:15:22-84
22    <uses-permission android:name="android.permission.WAKE_LOCK" />
22-->src\main\AndroidManifest.xml:16:5-68
22-->src\main\AndroidManifest.xml:16:22-65
23    <uses-permission android:name="android.permission.POST_NOTIFICATIONS" />
23-->src\main\AndroidManifest.xml:17:5-77
23-->src\main\AndroidManifest.xml:17:22-74
24    <uses-permission android:name="android.permission.VIBRATE" />
24-->src\main\AndroidManifest.xml:18:5-66
24-->src\main\AndroidManifest.xml:18:22-63
25
26    <!-- 銆愭柊澧炪€戠淮鎸佹伅灞忚繛鎺ユ墍闇€鐨勬潈闄? -->
27    <uses-permission android:name="android.permission.REQUEST_IGNORE_BATTERY_OPTIMIZATIONS" />
27-->src\main\AndroidManifest.xml:21:5-95
27-->src\main\AndroidManifest.xml:21:22-92
28    <uses-permission android:name="android.permission.SCHEDULE_EXACT_ALARM" />
28-->src\main\AndroidManifest.xml:22:5-79
28-->src\main\AndroidManifest.xml:22:22-76
29
30    <permission
30-->[androidx.core:core:1.10.1] AndroidManifest.xml:22:5-24:47
31        android:name="com.warehouse.monitor.debug.DYNAMIC_RECEIVER_NOT_EXPORTED_PERMISSION"
31-->[androidx.core:core:1.10.1] AndroidManifest.xml:23:9-81
32        android:protectionLevel="signature" />
32-->[androidx.core:core:1.10.1] AndroidManifest.xml:24:9-44
33
34    <uses-permission android:name="com.warehouse.monitor.debug.DYNAMIC_RECEIVER_NOT_EXPORTED_PERMISSION" />
34-->[androidx.core:core:1.10.1] AndroidManifest.xml:26:5-97
34-->[androidx.core:core:1.10.1] AndroidManifest.xml:26:22-94
35
36    <application
36-->src\main\AndroidManifest.xml:24:5-84:19
37        android:name="com.warehouse.monitor.WarehouseMonitorApp"
37-->src\main\AndroidManifest.xml:25:9-44
38        android:allowBackup="true"
38-->src\main\AndroidManifest.xml:26:9-35
39        android:appComponentFactory="androidx.core.app.CoreComponentFactory"
39-->[androidx.core:core:1.10.1] AndroidManifest.xml:28:18-86
40        android:dataExtractionRules="@xml/data_extraction_rules"
40-->src\main\AndroidManifest.xml:27:9-65
41        android:debuggable="true"
42        android:extractNativeLibs="false"
43        android:fullBackupContent="@xml/backup_rules"
43-->src\main\AndroidManifest.xml:28:9-54
44        android:icon="@drawable/ic_warehouse_logo"
44-->src\main\AndroidManifest.xml:29:9-51
45        android:label="@string/app_name"
45-->src\main\AndroidManifest.xml:30:9-41
46        android:networkSecurityConfig="@xml/network_security_config"
46-->src\main\AndroidManifest.xml:34:9-69
47        android:roundIcon="@drawable/ic_warehouse_logo"
47-->src\main\AndroidManifest.xml:31:9-56
48        android:supportsRtl="true"
48-->src\main\AndroidManifest.xml:32:9-35
49        android:testOnly="true"
50        android:theme="@style/Theme.WarehouseMonitor"
50-->src\main\AndroidManifest.xml:33:9-54
51        android:usesCleartextTraffic="true" >
51-->src\main\AndroidManifest.xml:35:9-44
52        <activity
52-->src\main\AndroidManifest.xml:38:9-47:20
53            android:name="com.warehouse.monitor.ui.SplashActivity"
53-->src\main\AndroidManifest.xml:39:13-46
54            android:exported="true"
54-->src\main\AndroidManifest.xml:40:13-36
55            android:screenOrientation="portrait"
55-->src\main\AndroidManifest.xml:41:13-49
56            android:theme="@style/Theme.WarehouseMonitor.Splash" >
56-->src\main\AndroidManifest.xml:42:13-65
57            <intent-filter>
57-->src\main\AndroidManifest.xml:43:13-46:29
58                <action android:name="android.intent.action.MAIN" />
58-->src\main\AndroidManifest.xml:44:17-69
58-->src\main\AndroidManifest.xml:44:25-66
59
60                <category android:name="android.intent.category.LAUNCHER" />
60-->src\main\AndroidManifest.xml:45:17-77
60-->src\main\AndroidManifest.xml:45:27-74
61            </intent-filter>
62        </activity>
63        <activity
63-->src\main\AndroidManifest.xml:49:9-53:73
64            android:name="com.warehouse.monitor.ui.MainActivity"
64-->src\main\AndroidManifest.xml:50:13-44
65            android:exported="false"
65-->src\main\AndroidManifest.xml:51:13-37
66            android:screenOrientation="portrait"
66-->src\main\AndroidManifest.xml:52:13-49
67            android:theme="@style/Theme.WarehouseMonitor.NoActionBar" />
67-->src\main\AndroidManifest.xml:53:13-70
68        <activity
68-->src\main\AndroidManifest.xml:55:9-59:73
69            android:name="com.warehouse.monitor.ui.LoginActivity"
69-->src\main\AndroidManifest.xml:56:13-45
70            android:exported="false"
70-->src\main\AndroidManifest.xml:57:13-37
71            android:screenOrientation="portrait"
71-->src\main\AndroidManifest.xml:58:13-49
72            android:theme="@style/Theme.WarehouseMonitor.NoActionBar" />
72-->src\main\AndroidManifest.xml:59:13-70
73        <activity
73-->src\main\AndroidManifest.xml:61:9-65:73
74            android:name="com.warehouse.monitor.ui.RegisterActivity"
74-->src\main\AndroidManifest.xml:62:13-48
75            android:exported="false"
75-->src\main\AndroidManifest.xml:63:13-37
76            android:screenOrientation="portrait"
76-->src\main\AndroidManifest.xml:64:13-49
77            android:theme="@style/Theme.WarehouseMonitor.NoActionBar" />
77-->src\main\AndroidManifest.xml:65:13-70
78        <activity
78-->src\main\AndroidManifest.xml:67:9-71:73
79            android:name="com.warehouse.monitor.ui.SettingsActivity"
79-->src\main\AndroidManifest.xml:68:13-48
80            android:exported="false"
80-->src\main\AndroidManifest.xml:69:13-37
81            android:screenOrientation="portrait"
81-->src\main\AndroidManifest.xml:70:13-49
82            android:theme="@style/Theme.WarehouseMonitor.NoActionBar" />
82-->src\main\AndroidManifest.xml:71:13-70
83        <activity
83-->src\main\AndroidManifest.xml:72:9-76:73
84            android:name="com.warehouse.monitor.ui.ThresholdSettingsActivity"
84-->src\main\AndroidManifest.xml:73:13-57
85            android:exported="false"
85-->src\main\AndroidManifest.xml:74:13-37
86            android:screenOrientation="portrait"
86-->src\main\AndroidManifest.xml:75:13-49
87            android:theme="@style/Theme.WarehouseMonitor.NoActionBar" />
87-->src\main\AndroidManifest.xml:76:13-70
88
89        <!-- 蹇呴』鍦ㄦ竻鍗曚腑娉ㄥ唽锛屽惁鍒?startForegroundService 鏃犳硶鍚姩锛屽疄鏃舵ā寮?MQTT 涓嶄細杩炴帴 -->
90        <service
90-->src\main\AndroidManifest.xml:79:9-82:56
91            android:name="com.warehouse.monitor.service.MqttService"
91-->src\main\AndroidManifest.xml:80:13-48
92            android:exported="false"
92-->src\main\AndroidManifest.xml:81:13-37
93            android:foregroundServiceType="dataSync" />
93-->src\main\AndroidManifest.xml:82:13-53
94
95        <provider
95-->[androidx.emoji2:emoji2:1.2.0] AndroidManifest.xml:24:9-32:20
96            android:name="androidx.startup.InitializationProvider"
96-->[androidx.emoji2:emoji2:1.2.0] AndroidManifest.xml:25:13-67
97            android:authorities="com.warehouse.monitor.debug.androidx-startup"
97-->[androidx.emoji2:emoji2:1.2.0] AndroidManifest.xml:26:13-68
98            android:exported="false" >
98-->[androidx.emoji2:emoji2:1.2.0] AndroidManifest.xml:27:13-37
99            <meta-data
99-->[androidx.emoji2:emoji2:1.2.0] AndroidManifest.xml:29:13-31:52
100                android:name="androidx.emoji2.text.EmojiCompatInitializer"
100-->[androidx.emoji2:emoji2:1.2.0] AndroidManifest.xml:30:17-75
101                android:value="androidx.startup" />
101-->[androidx.emoji2:emoji2:1.2.0] AndroidManifest.xml:31:17-49
102            <meta-data
102-->[androidx.lifecycle:lifecycle-process:2.6.1] AndroidManifest.xml:29:13-31:52
103                android:name="androidx.lifecycle.ProcessLifecycleInitializer"
103-->[androidx.lifecycle:lifecycle-process:2.6.1] AndroidManifest.xml:30:17-78
104                android:value="androidx.startup" />
104-->[androidx.lifecycle:lifecycle-process:2.6.1] AndroidManifest.xml:31:17-49
105            <meta-data
105-->[androidx.profileinstaller:profileinstaller:1.3.1] AndroidManifest.xml:29:13-31:52
106                android:name="androidx.profileinstaller.ProfileInstallerInitializer"
106-->[androidx.profileinstaller:profileinstaller:1.3.1] AndroidManifest.xml:30:17-85
107                android:value="androidx.startup" />
107-->[androidx.profileinstaller:profileinstaller:1.3.1] AndroidManifest.xml:31:17-49
108        </provider>
109
110        <uses-library
110-->[androidx.window:window:1.0.0] AndroidManifest.xml:25:9-27:40
111            android:name="androidx.window.extensions"
111-->[androidx.window:window:1.0.0] AndroidManifest.xml:26:13-54
112            android:required="false" />
112-->[androidx.window:window:1.0.0] AndroidManifest.xml:27:13-37
113        <uses-library
113-->[androidx.window:window:1.0.0] AndroidManifest.xml:28:9-30:40
114            android:name="androidx.window.sidecar"
114-->[androidx.window:window:1.0.0] AndroidManifest.xml:29:13-51
115            android:required="false" />
115-->[androidx.window:window:1.0.0] AndroidManifest.xml:30:13-37
116
117        <service
117-->[androidx.room:room-runtime:2.5.2] AndroidManifest.xml:24:9-28:63
118            android:name="androidx.room.MultiInstanceInvalidationService"
118-->[androidx.room:room-runtime:2.5.2] AndroidManifest.xml:25:13-74
119            android:directBootAware="true"
119-->[androidx.room:room-runtime:2.5.2] AndroidManifest.xml:26:13-43
120            android:exported="false" />
120-->[androidx.room:room-runtime:2.5.2] AndroidManifest.xml:27:13-37
121
122        <receiver
122-->[androidx.profileinstaller:profileinstaller:1.3.1] AndroidManifest.xml:34:9-52:20
123            android:name="androidx.profileinstaller.ProfileInstallReceiver"
123-->[androidx.profileinstaller:profileinstaller:1.3.1] AndroidManifest.xml:35:13-76
124            android:directBootAware="false"
124-->[androidx.profileinstaller:profileinstaller:1.3.1] AndroidManifest.xml:36:13-44
125            android:enabled="true"
125-->[androidx.profileinstaller:profileinstaller:1.3.1] AndroidManifest.xml:37:13-35
126            android:exported="true"
126-->[androidx.profileinstaller:profileinstaller:1.3.1] AndroidManifest.xml:38:13-36
127            android:permission="android.permission.DUMP" >
127-->[androidx.profileinstaller:profileinstaller:1.3.1] AndroidManifest.xml:39:13-57
128            <intent-filter>
128-->[androidx.profileinstaller:profileinstaller:1.3.1] AndroidManifest.xml:40:13-42:29
129                <action android:name="androidx.profileinstaller.action.INSTALL_PROFILE" />
129-->[androidx.profileinstaller:profileinstaller:1.3.1] AndroidManifest.xml:41:17-91
129-->[androidx.profileinstaller:profileinstaller:1.3.1] AndroidManifest.xml:41:25-88
130            </intent-filter>
131            <intent-filter>
131-->[androidx.profileinstaller:profileinstaller:1.3.1] AndroidManifest.xml:43:13-45:29
132                <action android:name="androidx.profileinstaller.action.SKIP_FILE" />
132-->[androidx.profileinstaller:profileinstaller:1.3.1] AndroidManifest.xml:44:17-85
132-->[androidx.profileinstaller:profileinstaller:1.3.1] AndroidManifest.xml:44:25-82
133            </intent-filter>
134            <intent-filter>
134-->[androidx.profileinstaller:profileinstaller:1.3.1] AndroidManifest.xml:46:13-48:29
135                <action android:name="androidx.profileinstaller.action.SAVE_PROFILE" />
135-->[androidx.profileinstaller:profileinstaller:1.3.1] AndroidManifest.xml:47:17-88
135-->[androidx.profileinstaller:profileinstaller:1.3.1] AndroidManifest.xml:47:25-85
136            </intent-filter>
137            <intent-filter>
137-->[androidx.profileinstaller:profileinstaller:1.3.1] AndroidManifest.xml:49:13-51:29
138                <action android:name="androidx.profileinstaller.action.BENCHMARK_OPERATION" />
138-->[androidx.profileinstaller:profileinstaller:1.3.1] AndroidManifest.xml:50:17-95
138-->[androidx.profileinstaller:profileinstaller:1.3.1] AndroidManifest.xml:50:25-92
139            </intent-filter>
140        </receiver>
141    </application>
142
143</manifest>